<?xml version="1.0" encoding="UTF-8"?>
<testsuite xmlns:xsi="http://www.w3.org/2001/XMLSchema-instance" xsi:noNamespaceSchemaLocation="https://maven.apache.org/surefire/maven-surefire-plugin/xsd/surefire-test-report-3.0.xsd" version="3.0" name="edu.eci.arsw.blueprints.test.persistence.impl.InMemoryPersistenceTest" time="0.12" tests="2" errors="0" skipped="0" failures="0">
  <properties>
    <property name="java.specification.version" value="20"/>
    <property name="sun.cpu.isalist" value="amd64"/>
    <property name="sun.jnu.encoding" value="Cp1252"/>
    <property name="java.class.path" value="C:\Users\Josue Rojas\Desktop\Arsw\Lab04_ARSW\SpringBoot_REST_API_Blueprints\target\test-classes;C:\Users\Josue Rojas\Desktop\Arsw\Lab04_ARSW\SpringBoot_REST_API_Blueprints\target\classes;C:\Users\Josue Rojas\.m2\repository\org\springframework\spring-core\4.2.4.RELEASE\spring-core-4.2.4.RELEASE.jar;C:\Users\Josue Rojas\.m2\repository\commons-logging\commons-logging\1.2\commons-logging-1.2.jar;C:\Users\Josue Rojas\.m2\repository\org\springframework\spring-context\4.2.4.RELEASE\spring-context-4.2.4.RELEASE.jar;C:\Users\Josue Rojas\.m2\repository\org\springframework\spring-aop\4.2.4.RELEASE\spring-aop-4.2.4.RELEASE.jar;C:\Users\Josue Rojas\.m2\repository\aopalliance\aopalliance\1.0\aopalliance-1.0.jar;C:\Users\Josue Rojas\.m2\repository\org\springframework\spring-beans\4.2.4.RELEASE\spring-beans-4.2.4.RELEASE.jar;C:\Users\Josue Rojas\.m2\repository\org\springframework\spring-expression\4.2.4.RELEASE\spring-expression-4.2.4.RELEASE.jar;C:\Users\Josue Rojas\.m2\repository\junit\junit\4.12\junit-4.12.jar;C:\Users\Josue Rojas\.m2\repository\org\hamcrest\hamcrest-core\1.3\hamcrest-core-1.3.jar;"/>
    <property name="java.vm.vendor" value="Oracle Corporation"/>
    <property name="sun.arch.data.model" value="64"/>
    <property name="user.variant" value=""/>
    <property name="java.vendor.url" value="https://java.oracle.com/"/>
    <property name="user.timezone" value="America/Bogota"/>
    <property name="os.name" value="Windows 10"/>
    <property name="java.vm.specification.version" value="20"/>
    <property name="sun.java.launcher" value="SUN_STANDARD"/>
    <property name="user.country" value="419"/>
    <property name="sun.boot.library.path" value="C:\Program Files\Java\jdk-20\bin"/>
    <property name="sun.java.command" value="C:\Users\Josue Rojas\AppData\Local\Temp\surefire6507945837641080210\surefirebooter-20240907111020277_3.jar C:\Users\Josue Rojas\AppData\Local\Temp\surefire6507945837641080210 2024-09-07T11-10-19_868-jvmRun1 surefire-20240907111020277_1tmp surefire_0-20240907111020277_2tmp"/>
    <property name="jdk.debug" value="release"/>
    <property name="surefire.test.class.path" value="C:\Users\Josue Rojas\Desktop\Arsw\Lab04_ARSW\SpringBoot_REST_API_Blueprints\target\test-classes;C:\Users\Josue Rojas\Desktop\Arsw\Lab04_ARSW\SpringBoot_REST_API_Blueprints\target\classes;C:\Users\Josue Rojas\.m2\repository\org\springframework\spring-core\4.2.4.RELEASE\spring-core-4.2.4.RELEASE.jar;C:\Users\Josue Rojas\.m2\repository\commons-logging\commons-logging\1.2\commons-logging-1.2.jar;C:\Users\Josue Rojas\.m2\repository\org\springframework\spring-context\4.2.4.RELEASE\spring-context-4.2.4.RELEASE.jar;C:\Users\Josue Rojas\.m2\repository\org\springframework\spring-aop\4.2.4.RELEASE\spring-aop-4.2.4.RELEASE.jar;C:\Users\Josue Rojas\.m2\repository\aopalliance\aopalliance\1.0\aopalliance-1.0.jar;C:\Users\Josue Rojas\.m2\repository\org\springframework\spring-beans\4.2.4.RELEASE\spring-beans-4.2.4.RELEASE.jar;C:\Users\Josue Rojas\.m2\repository\org\springframework\spring-expression\4.2.4.RELEASE\spring-expression-4.2.4.RELEASE.jar;C:\Users\Josue Rojas\.m2\repository\junit\junit\4.12\junit-4.12.jar;C:\Users\Josue Rojas\.m2\repository\org\hamcrest\hamcrest-core\1.3\hamcrest-core-1.3.jar;"/>
    <property name="sun.cpu.endian" value="little"/>
    <property name="user.home" value="C:\Users\Josue Rojas"/>
    <property name="user.language" value="es"/>
    <property name="java.specification.vendor" value="Oracle Corporation"/>
    <property name="java.version.date" value="2023-03-21"/>
    <property name="java.home" value="C:\Program Files\Java\jdk-20"/>
    <property name="file.separator" value="\"/>
    <property name="basedir" value="C:\Users\Josue Rojas\Desktop\Arsw\Lab04_ARSW\SpringBoot_REST_API_Blueprints"/>
    <property name="java.vm.compressedOopsMode" value="Zero based"/>
    <property name="line.separator" value="&#10;"/>
    <property name="java.vm.specification.vendor" value="Oracle Corporation"/>
    <property name="java.specification.name" value="Java Platform API Specification"/>
    <property name="surefire.real.class.path" value="C:\Users\Josue Rojas\AppData\Local\Temp\surefire6507945837641080210\surefirebooter-20240907111020277_3.jar"/>
    <property name="user.script" value=""/>
    <property name="sun.management.compiler" value="HotSpot 64-Bit Tiered Compilers"/>
    <property name="java.runtime.version" value="20+36-2344"/>
    <property name="user.name" value="Josue Rojas"/>
    <property name="stdout.encoding" value="Cp1252"/>
    <property name="path.separator" value=";"/>
    <property name="os.version" value="10.0"/>
    <property name="java.runtime.name" value="Java(TM) SE Runtime Environment"/>
    <property name="file.encoding" value="UTF-8"/>
    <property name="java.vm.name" value="Java HotSpot(TM) 64-Bit Server VM"/>
    <property name="localRepository" value="C:\Users\Josue Rojas\.m2\repository"/>
    <property name="java.vendor.url.bug" value="https://bugreport.java.com/bugreport/"/>
    <property name="java.io.tmpdir" value="C:\Users\JOSUER~1\AppData\Local\Temp\"/>
    <property name="java.version" value="20"/>
    <property name="user.dir" value="C:\Users\Josue Rojas\Desktop\Arsw\Lab04_ARSW\SpringBoot_REST_API_Blueprints"/>
    <property name="os.arch" value="amd64"/>
    <property name="java.vm.specification.name" value="Java Virtual Machine Specification"/>
    <property name="sun.os.patch.level" value=""/>
    <property name="native.encoding" value="Cp1252"/>
    <property name="java.library.path" value="C:\Program Files\Java\jdk-20\bin;C:\WINDOWS\Sun\Java\bin;C:\WINDOWS\system32;C:\WINDOWS;C:\Program Files\Git\mingw64\bin;C:\Program Files\Git\usr\bin;C:\Users\Josue Rojas\bin;C:\Program Files\Common Files\Oracle\Java\javapath;C:\WINDOWS\system32;C:\WINDOWS;C:\WINDOWS\System32\Wbem;C:\WINDOWS\System32\WindowsPowerShell\v1.0;C:\WINDOWS\System32\OpenSSH;C:\Program Files\Wolfram Research\WolframScript;C:\Program Files (x86)\PuTTY;C:\Program Files\Git\cmd;C:\Users\Josue Rojas\Documents\maven\apache-maven-3.9.9\bin;C:\Users\Josue Rojas\AppData\Local\Microsoft\WindowsApps;C:\Users\Josue Rojas\AppData\Local\Programs\Microsoft VS Code\bin;C:\Users\Josue Rojas\AppData\Roaming\npm;."/>
    <property name="java.vm.info" value="mixed mode, sharing"/>
    <property name="stderr.encoding" value="Cp1252"/>
    <property name="java.vendor" value="Oracle Corporation"/>
    <property name="java.vm.version" value="20+36-2344"/>
    <property name="sun.io.unicode.encoding" value="UnicodeLittle"/>
    <property name="java.class.version" value="64.0"/>
  </properties>
  <testcase name="saveExistingBpTest" classname="edu.eci.arsw.blueprints.test.persistence.impl.InMemoryPersistenceTest" time="0.009"/>
  <testcase name="saveNewAndLoadTest" classname="edu.eci.arsw.blueprints.test.persistence.impl.InMemoryPersistenceTest" time="0.0"/>
</testsuite>